\BOOKMARK [0][-]{titulo.0}{\376\377\000P\000\341\000g\000i\000n\000a\000\040\000d\000e\000\040\000T\000\355\000t\000u\000l\000o}{}% 1
\BOOKMARK [0][-]{indices.0}{\376\377\000\315\000n\000d\000i\000c\000e\000s}{}% 2
\BOOKMARK [1][-]{tabla de contenidos.1}{\376\377\000T\000a\000b\000l\000a\000\040\000d\000e\000\040\000C\000o\000n\000t\000e\000n\000i\000d\000o\000s}{indices.0}% 3
\BOOKMARK [0][-]{chapter.2}{\376\377\000I\000n\000t\000r\000o\000d\000u\000c\000c\000i\000\363\000n}{}% 4
\BOOKMARK [1][-]{section.9}{\376\377\000M\000o\000t\000i\000v\000a\000c\000i\000\363\000n}{chapter.2}% 5
\BOOKMARK [1][-]{section.10}{\376\377\000O\000b\000j\000e\000t\000i\000v\000o\000s}{chapter.2}% 6
\BOOKMARK [1][-]{section.11}{\376\377\000P\000l\000a\000n\000\040\000d\000e\000\040\000t\000r\000a\000b\000a\000j\000o}{chapter.2}% 7
\BOOKMARK [1][-]{section.12}{\376\377\000E\000x\000p\000l\000i\000c\000a\000c\000i\000o\000n\000e\000s\000\040\000a\000d\000i\000c\000i\000o\000n\000a\000l\000e\000s\000\040\000s\000o\000b\000r\000e\000\040\000e\000l\000\040\000u\000s\000o\000\040\000d\000e\000\040\000e\000s\000t\000a\000\040\000p\000l\000a\000n\000t\000i\000l\000l\000a}{chapter.2}% 8
\BOOKMARK [2][-]{subsection.14}{\376\377\000T\000e\000x\000t\000o\000\040\000d\000e\000\040\000p\000r\000u\000e\000b\000a}{section.12}% 9
\BOOKMARK [0][-]{chapter.15}{\376\377\000I\000d\000e\000n\000t\000i\000f\000i\000c\000a\000d\000o\000r\000e\000s\000\040\000y\000\040\000\341\000m\000b\000i\000t\000o\000s\000\040\000d\000e\000\040\000d\000e\000f\000i\000n\000i\000c\000i\000\363\000n\000\040\000e\000n\000\040\000C\000-\000H\000o\000r\000i\000z\000o\000n}{}% 10
\BOOKMARK [1][-]{section.16}{\376\377\000D\000e\000c\000l\000a\000r\000a\000c\000i\000\363\000n\000\040\000d\000e\000\040\000v\000a\000r\000i\000a\000b\000l\000e\000s}{chapter.15}% 11
\BOOKMARK [1][-]{section.24}{\376\377\000B\000l\000o\000q\000u\000e\000s\000\040\000a\000n\000i\000d\000a\000d\000o\000s}{chapter.15}% 12
\BOOKMARK [1][-]{section.25}{\376\377\000P\000l\000a\000n\000\040\000d\000e\000\040\000t\000r\000a\000b\000a\000j\000o}{chapter.15}% 13
\BOOKMARK [1][-]{section.26}{\376\377\000E\000x\000p\000l\000i\000c\000a\000c\000i\000o\000n\000e\000s\000\040\000a\000d\000i\000c\000i\000o\000n\000a\000l\000e\000s\000\040\000s\000o\000b\000r\000e\000\040\000e\000l\000\040\000u\000s\000o\000\040\000d\000e\000\040\000e\000s\000t\000a\000\040\000p\000l\000a\000n\000t\000i\000l\000l\000a}{chapter.15}% 14
\BOOKMARK [2][-]{subsection.28}{\376\377\000T\000e\000x\000t\000o\000\040\000d\000e\000\040\000p\000r\000u\000e\000b\000a}{section.26}% 15
\BOOKMARK [0][-]{chapter.29}{\376\377\000T\000i\000p\000o\000s\000\040\000e\000n\000\040\000C\000-\000H\000o\000r\000i\000z\000o\000n\000o}{}% 16
\BOOKMARK [1][-]{section.36}{\376\377\000M\000o\000t\000i\000v\000a\000c\000i\000\363\000n}{chapter.29}% 17
\BOOKMARK [1][-]{section.37}{\376\377\000O\000b\000j\000e\000t\000i\000v\000o\000s}{chapter.29}% 18
\BOOKMARK [1][-]{section.38}{\376\377\000P\000l\000a\000n\000\040\000d\000e\000\040\000t\000r\000a\000b\000a\000j\000o}{chapter.29}% 19
\BOOKMARK [1][-]{section.39}{\376\377\000E\000x\000p\000l\000i\000c\000a\000c\000i\000o\000n\000e\000s\000\040\000a\000d\000i\000c\000i\000o\000n\000a\000l\000e\000s\000\040\000s\000o\000b\000r\000e\000\040\000e\000l\000\040\000u\000s\000o\000\040\000d\000e\000\040\000e\000s\000t\000a\000\040\000p\000l\000a\000n\000t\000i\000l\000l\000a}{chapter.29}% 20
\BOOKMARK [2][-]{subsection.41}{\376\377\000T\000e\000x\000t\000o\000\040\000d\000e\000\040\000p\000r\000u\000e\000b\000a}{section.39}% 21
\BOOKMARK [0][-]{chapter.42}{\376\377\000C\000o\000n\000j\000u\000n\000t\000o\000\040\000d\000e\000\040\000i\000n\000s\000t\000r\000u\000c\000c\000i\000o\000n\000e\000s\000\040\000d\000e\000\040\000C\000-\000H\000o\000r\000i\000z\000o\000n}{}% 22
\BOOKMARK [1][-]{section.49}{\376\377\000M\000o\000t\000i\000v\000a\000c\000i\000\363\000n}{chapter.42}% 23
\BOOKMARK [1][-]{section.50}{\376\377\000O\000b\000j\000e\000t\000i\000v\000o\000s}{chapter.42}% 24
\BOOKMARK [1][-]{section.51}{\376\377\000P\000l\000a\000n\000\040\000d\000e\000\040\000t\000r\000a\000b\000a\000j\000o}{chapter.42}% 25
\BOOKMARK [1][-]{section.52}{\376\377\000E\000x\000p\000l\000i\000c\000a\000c\000i\000o\000n\000e\000s\000\040\000a\000d\000i\000c\000i\000o\000n\000a\000l\000e\000s\000\040\000s\000o\000b\000r\000e\000\040\000e\000l\000\040\000u\000s\000o\000\040\000d\000e\000\040\000e\000s\000t\000a\000\040\000p\000l\000a\000n\000t\000i\000l\000l\000a}{chapter.42}% 26
\BOOKMARK [2][-]{subsection.54}{\376\377\000T\000e\000x\000t\000o\000\040\000d\000e\000\040\000p\000r\000u\000e\000b\000a}{section.52}% 27
\BOOKMARK [0][-]{chapter.55}{\376\377\000G\000e\000s\000t\000i\000\363\000n\000\040\000d\000e\000\040\000e\000r\000r\000o\000r\000e\000s\000\040\000e\000n\000\040\000C\000-\000H\000o\000r\000i\000z\000o\000n}{}% 28
\BOOKMARK [1][-]{section.62}{\376\377\000M\000o\000t\000i\000v\000a\000c\000i\000\363\000n}{chapter.55}% 29
\BOOKMARK [1][-]{section.63}{\376\377\000O\000b\000j\000e\000t\000i\000v\000o\000s}{chapter.55}% 30
\BOOKMARK [1][-]{section.64}{\376\377\000P\000l\000a\000n\000\040\000d\000e\000\040\000t\000r\000a\000b\000a\000j\000o}{chapter.55}% 31
\BOOKMARK [1][-]{section.65}{\376\377\000E\000x\000p\000l\000i\000c\000a\000c\000i\000o\000n\000e\000s\000\040\000a\000d\000i\000c\000i\000o\000n\000a\000l\000e\000s\000\040\000s\000o\000b\000r\000e\000\040\000e\000l\000\040\000u\000s\000o\000\040\000d\000e\000\040\000e\000s\000t\000a\000\040\000p\000l\000a\000n\000t\000i\000l\000l\000a}{chapter.55}% 32
\BOOKMARK [2][-]{subsection.67}{\376\377\000T\000e\000x\000t\000o\000\040\000d\000e\000\040\000p\000r\000u\000e\000b\000a}{section.65}% 33
\BOOKMARK [0][-]{fin.0}{\376\377\000F\000i\000n}{}% 34
